[06-Feb-2023 16:36:21 UTC] PHP Fatal error:  Uncaught Error: Call to undefined function the_field() in /home/TI/adrianoamado/Local Sites/polo/app/public/wp-content/themes/polouabsapiranga/page-home.php:21
Stack trace:
#0 /home/TI/adrianoamado/Local Sites/polo/app/public/wp-includes/template-loader.php(106): include()
#1 /home/TI/adrianoamado/Local Sites/polo/app/public/wp-blog-header.php(19): require_once('/home/TI/adrian...')
#2 /home/TI/adrianoamado/Local Sites/polo/app/public/index.php(17): require('/home/TI/adrian...')
#3 {main}
  thrown in /home/TI/adrianoamado/Local Sites/polo/app/public/wp-content/themes/polouabsapiranga/page-home.php on line 21
[06-Feb-2023 16:37:18 UTC] PHP Fatal error:  Uncaught Error: Call to undefined function the_field() in /home/TI/adrianoamado/Local Sites/polo/app/public/wp-content/themes/polouabsapiranga/page-home.php:21
Stack trace:
#0 /home/TI/adrianoamado/Local Sites/polo/app/public/wp-includes/template-loader.php(106): include()
#1 /home/TI/adrianoamado/Local Sites/polo/app/public/wp-blog-header.php(19): require_once('/home/TI/adrian...')
#2 /home/TI/adrianoamado/Local Sites/polo/app/public/index.php(17): require('/home/TI/adrian...')
#3 {main}
  thrown in /home/TI/adrianoamado/Local Sites/polo/app/public/wp-content/themes/polouabsapiranga/page-home.php on line 21
[06-Feb-2023 16:37:44 UTC] PHP Fatal error:  Uncaught Error: Call to undefined function the_field() in /home/TI/adrianoamado/Local Sites/polo/app/public/wp-content/themes/polouabsapiranga/page-home.php:21
Stack trace:
#0 /home/TI/adrianoamado/Local Sites/polo/app/public/wp-includes/template-loader.php(106): include()
#1 /home/TI/adrianoamado/Local Sites/polo/app/public/wp-blog-header.php(19): require_once('/home/TI/adrian...')
#2 /home/TI/adrianoamado/Local Sites/polo/app/public/index.php(17): require('/home/TI/adrian...')
#3 {main}
  thrown in /home/TI/adrianoamado/Local Sites/polo/app/public/wp-content/themes/polouabsapiranga/page-home.php on line 21
[06-Feb-2023 16:42:43 UTC] PHP Fatal error:  Uncaught Error: Call to undefined function the_field() in /home/TI/adrianoamado/Local Sites/polo/app/public/wp-content/themes/polouabsapiranga/page-home.php:21
Stack trace:
#0 /home/TI/adrianoamado/Local Sites/polo/app/public/wp-includes/template-loader.php(106): include()
#1 /home/TI/adrianoamado/Local Sites/polo/app/public/wp-blog-header.php(19): require_once('/home/TI/adrian...')
#2 /home/TI/adrianoamado/Local Sites/polo/app/public/index.php(17): require('/home/TI/adrian...')
#3 {main}
  thrown in /home/TI/adrianoamado/Local Sites/polo/app/public/wp-content/themes/polouabsapiranga/page-home.php on line 21
[06-Feb-2023 16:43:30 UTC] PHP Fatal error:  Uncaught Error: Call to undefined function the_field() in /home/TI/adrianoamado/Local Sites/polo/app/public/wp-content/themes/polouabsapiranga/page-home.php:21
Stack trace:
#0 /home/TI/adrianoamado/Local Sites/polo/app/public/wp-includes/template-loader.php(106): include()
#1 /home/TI/adrianoamado/Local Sites/polo/app/public/wp-blog-header.php(19): require_once('/home/TI/adrian...')
#2 /home/TI/adrianoamado/Local Sites/polo/app/public/index.php(17): require('/home/TI/adrian...')
#3 {main}
  thrown in /home/TI/adrianoamado/Local Sites/polo/app/public/wp-content/themes/polouabsapiranga/page-home.php on line 21
[06-Feb-2023 16:45:13 UTC] PHP Fatal error:  Uncaught Error: Call to undefined function the_field() in /home/TI/adrianoamado/Local Sites/polo/app/public/wp-content/themes/polouabsapiranga/page-home.php:21
Stack trace:
#0 /home/TI/adrianoamado/Local Sites/polo/app/public/wp-includes/template-loader.php(106): include()
#1 /home/TI/adrianoamado/Local Sites/polo/app/public/wp-blog-header.php(19): require_once('/home/TI/adrian...')
#2 /home/TI/adrianoamado/Local Sites/polo/app/public/index.php(17): require('/home/TI/adrian...')
#3 {main}
  thrown in /home/TI/adrianoamado/Local Sites/polo/app/public/wp-content/themes/polouabsapiranga/page-home.php on line 21
[06-Feb-2023 20:04:49 UTC] PHP Warning:  Attempt to read property "title" on null in /home/TI/adrianoamado/Local Sites/polo/app/public/wp-includes/class-wp-customize-widgets.php on line 900
[06-Feb-2023 20:05:41 UTC] PHP Warning:  Attempt to read property "title" on null in /home/TI/adrianoamado/Local Sites/polo/app/public/wp-includes/class-wp-customize-widgets.php on line 900
[10-Feb-2023 17:03:48 UTC] Cron reschedule event error for hook: wp_https_detection, Error code: could_not_set, Error message: The cron event list could not be saved., Data: {"schedule":"twicedaily","args":[],"interval":43200}
[17-Feb-2023 19:52:23 UTC] PHP Fatal error:  Uncaught Error: Undefined constant "‘tag__in’" in /home/TI/adrianoamado/Local Sites/polo/app/public/wp-content/themes/polouabsapiranga/single.php:11
Stack trace:
#0 /home/TI/adrianoamado/Local Sites/polo/app/public/wp-includes/template-loader.php(106): include()
#1 /home/TI/adrianoamado/Local Sites/polo/app/public/wp-blog-header.php(19): require_once('/home/TI/adrian...')
#2 /home/TI/adrianoamado/Local Sites/polo/app/public/index.php(17): require('/home/TI/adrian...')
#3 {main}
  thrown in /home/TI/adrianoamado/Local Sites/polo/app/public/wp-content/themes/polouabsapiranga/single.php on line 11
[17-Feb-2023 19:55:13 UTC] PHP Fatal error:  Uncaught Error: Undefined constant "‘tag__in’" in /home/TI/adrianoamado/Local Sites/polo/app/public/wp-content/themes/polouabsapiranga/single.php:11
Stack trace:
#0 /home/TI/adrianoamado/Local Sites/polo/app/public/wp-includes/template-loader.php(106): include()
#1 /home/TI/adrianoamado/Local Sites/polo/app/public/wp-blog-header.php(19): require_once('/home/TI/adrian...')
#2 /home/TI/adrianoamado/Local Sites/polo/app/public/index.php(17): require('/home/TI/adrian...')
#3 {main}
  thrown in /home/TI/adrianoamado/Local Sites/polo/app/public/wp-content/themes/polouabsapiranga/single.php on line 11
[17-Feb-2023 19:55:22 UTC] PHP Fatal error:  Uncaught Error: Undefined constant "‘tag__in’" in /home/TI/adrianoamado/Local Sites/polo/app/public/wp-content/themes/polouabsapiranga/single.php:11
Stack trace:
#0 /home/TI/adrianoamado/Local Sites/polo/app/public/wp-includes/template-loader.php(106): include()
#1 /home/TI/adrianoamado/Local Sites/polo/app/public/wp-blog-header.php(19): require_once('/home/TI/adrian...')
#2 /home/TI/adrianoamado/Local Sites/polo/app/public/index.php(17): require('/home/TI/adrian...')
#3 {main}
  thrown in /home/TI/adrianoamado/Local Sites/polo/app/public/wp-content/themes/polouabsapiranga/single.php on line 11
[17-Feb-2023 19:55:26 UTC] PHP Fatal error:  Uncaught Error: Undefined constant "‘tag__in’" in /home/TI/adrianoamado/Local Sites/polo/app/public/wp-content/themes/polouabsapiranga/single.php:11
Stack trace:
#0 /home/TI/adrianoamado/Local Sites/polo/app/public/wp-includes/template-loader.php(106): include()
#1 /home/TI/adrianoamado/Local Sites/polo/app/public/wp-blog-header.php(19): require_once('/home/TI/adrian...')
#2 /home/TI/adrianoamado/Local Sites/polo/app/public/index.php(17): require('/home/TI/adrian...')
#3 {main}
  thrown in /home/TI/adrianoamado/Local Sites/polo/app/public/wp-content/themes/polouabsapiranga/single.php on line 11
[22-Feb-2023 16:00:22 UTC] PHP Fatal error:  Uncaught Error: Call to undefined function wp_header() in /home/TI/adrianoamado/Local Sites/polo/app/public/wp-content/themes/polouabsapiranga/menu.php:5
Stack trace:
#0 /home/TI/adrianoamado/Local Sites/polo/app/public/wp-includes/template-loader.php(106): include()
#1 /home/TI/adrianoamado/Local Sites/polo/app/public/wp-blog-header.php(19): require_once('/home/TI/adrian...')
#2 /home/TI/adrianoamado/Local Sites/polo/app/public/index.php(17): require('/home/TI/adrian...')
#3 {main}
  thrown in /home/TI/adrianoamado/Local Sites/polo/app/public/wp-content/themes/polouabsapiranga/menu.php on line 5
[13-Mar-2023 20:10:52 UTC] PHP Fatal error:  Uncaught Error: Call to undefined function the_field() in /home/PMSAPIRANGA/adrianoamado/Local Sites/polo/app/public/wp-content/themes/polouabsapiranga/page-home.php:51
Stack trace:
#0 /home/PMSAPIRANGA/adrianoamado/Local Sites/polo/app/public/wp-includes/template-loader.php(106): include()
#1 /home/PMSAPIRANGA/adrianoamado/Local Sites/polo/app/public/wp-blog-header.php(19): require_once('/home/PMSAPIRAN...')
#2 /home/PMSAPIRANGA/adrianoamado/Local Sites/polo/app/public/index.php(17): require('/home/PMSAPIRAN...')
#3 {main}
  thrown in /home/PMSAPIRANGA/adrianoamado/Local Sites/polo/app/public/wp-content/themes/polouabsapiranga/page-home.php on line 51
[13-Mar-2023 20:11:00 UTC] PHP Fatal error:  Uncaught Error: Call to undefined function the_field() in /home/PMSAPIRANGA/adrianoamado/Local Sites/polo/app/public/wp-content/themes/polouabsapiranga/page-home.php:49
Stack trace:
#0 /home/PMSAPIRANGA/adrianoamado/Local Sites/polo/app/public/wp-includes/template-loader.php(106): include()
#1 /home/PMSAPIRANGA/adrianoamado/Local Sites/polo/app/public/wp-blog-header.php(19): require_once('/home/PMSAPIRAN...')
#2 /home/PMSAPIRANGA/adrianoamado/Local Sites/polo/app/public/index.php(17): require('/home/PMSAPIRAN...')
#3 {main}
  thrown in /home/PMSAPIRANGA/adrianoamado/Local Sites/polo/app/public/wp-content/themes/polouabsapiranga/page-home.php on line 49
[13-Mar-2023 20:19:30 UTC] PHP Fatal error:  Uncaught Error: Call to undefined function the_field() in /home/PMSAPIRANGA/adrianoamado/Local Sites/polo/app/public/wp-content/themes/polouabsapiranga/page-home.php:49
Stack trace:
#0 /home/PMSAPIRANGA/adrianoamado/Local Sites/polo/app/public/wp-includes/template-loader.php(106): include()
#1 /home/PMSAPIRANGA/adrianoamado/Local Sites/polo/app/public/wp-blog-header.php(19): require_once('/home/PMSAPIRAN...')
#2 /home/PMSAPIRANGA/adrianoamado/Local Sites/polo/app/public/index.php(17): require('/home/PMSAPIRAN...')
#3 {main}
  thrown in /home/PMSAPIRANGA/adrianoamado/Local Sites/polo/app/public/wp-content/themes/polouabsapiranga/page-home.php on line 49
[14-Mar-2023 15:54:36 UTC] PHP Parse error:  syntax error, unexpected token "}" in /home/PMSAPIRANGA/adrianoamado/Local Sites/polo/app/public/wp-content/themes/polouabsapiranga/functions.php on line 175
[14-Mar-2023 15:54:36 UTC] PHP Warning:  Trying to access array offset on value of type bool in /home/PMSAPIRANGA/adrianoamado/Local Sites/polo/app/public/wp-includes/class-wp-recovery-mode-email-service.php on line 372
[14-Mar-2023 15:54:36 UTC] PHP Warning:  Trying to access array offset on value of type bool in /home/PMSAPIRANGA/adrianoamado/Local Sites/polo/app/public/wp-includes/class-wp-recovery-mode-email-service.php on line 373
[14-Mar-2023 15:54:57 UTC] PHP Fatal error:  Uncaught Error: Call to a member function add_field() on string in /home/PMSAPIRANGA/adrianoamado/Local Sites/polo/app/public/wp-content/themes/polouabsapiranga/functions.php:169
Stack trace:
#0 /home/PMSAPIRANGA/adrianoamado/Local Sites/polo/app/public/wp-includes/class-wp-hook.php(308): cmb2_fields_home('')
#1 /home/PMSAPIRANGA/adrianoamado/Local Sites/polo/app/public/wp-includes/class-wp-hook.php(332): WP_Hook->apply_filters('', Array)
#2 /home/PMSAPIRANGA/adrianoamado/Local Sites/polo/app/public/wp-includes/plugin.php(517): WP_Hook->do_action(Array)
#3 /home/PMSAPIRANGA/adrianoamado/Local Sites/polo/app/public/wp-content/plugins/cmb2/bootstrap.php(26): do_action('cmb2_admin_init')
#4 /home/PMSAPIRANGA/adrianoamado/Local Sites/polo/app/public/wp-content/plugins/cmb2/init.php(165): cmb2_bootstrap()
#5 /home/PMSAPIRANGA/adrianoamado/Local Sites/polo/app/public/wp-includes/class-wp-hook.php(308): CMB2_Bootstrap_2101->include_cmb('')
#6 /home/PMSAPIRANGA/adrianoamado/Local Sites/polo/app/public/wp-includes/class-wp-hook.php(332): WP_Hook->apply_filters(NULL, Array)
#7 /home/PMSAPIRANGA/adrianoamado/Local Sites/polo/app/public/wp-includes/plugin.php(517): WP_Hook->do_action(Array)
#8 /home/PMSAPIRANGA/adrianoamado/Local Sites/polo/app/public/wp-settings.php(617): do_action('init')
#9 /home/PMSAPIRANGA/adrianoamado/Local Sites/polo/app/public/wp-config.php(91): require_once('/home/PMSAPIRAN...')
#10 /home/PMSAPIRANGA/adrianoamado/Local Sites/polo/app/public/wp-load.php(50): require_once('/home/PMSAPIRAN...')
#11 /home/PMSAPIRANGA/adrianoamado/Local Sites/polo/app/public/wp-admin/admin.php(34): require_once('/home/PMSAPIRAN...')
#12 /home/PMSAPIRANGA/adrianoamado/Local Sites/polo/app/public/wp-admin/post.php(12): require_once('/home/PMSAPIRAN...')
#13 {main}
  thrown in /home/PMSAPIRANGA/adrianoamado/Local Sites/polo/app/public/wp-content/themes/polouabsapiranga/functions.php on line 169
[14-Mar-2023 16:04:18 UTC] PHP Fatal error:  Uncaught Error: Call to undefined function the_field() in /home/PMSAPIRANGA/adrianoamado/Local Sites/polo/app/public/wp-content/themes/polouabsapiranga/page-home.php:53
Stack trace:
#0 /home/PMSAPIRANGA/adrianoamado/Local Sites/polo/app/public/wp-includes/template-loader.php(106): include()
#1 /home/PMSAPIRANGA/adrianoamado/Local Sites/polo/app/public/wp-blog-header.php(19): require_once('/home/PMSAPIRAN...')
#2 /home/PMSAPIRANGA/adrianoamado/Local Sites/polo/app/public/index.php(17): require('/home/PMSAPIRAN...')
#3 {main}
  thrown in /home/PMSAPIRANGA/adrianoamado/Local Sites/polo/app/public/wp-content/themes/polouabsapiranga/page-home.php on line 53
[14-Mar-2023 16:05:29 UTC] PHP Fatal error:  Uncaught Error: Call to undefined function the_field() in /home/PMSAPIRANGA/adrianoamado/Local Sites/polo/app/public/wp-content/themes/polouabsapiranga/page-home.php:53
Stack trace:
#0 /home/PMSAPIRANGA/adrianoamado/Local Sites/polo/app/public/wp-includes/template-loader.php(106): include()
#1 /home/PMSAPIRANGA/adrianoamado/Local Sites/polo/app/public/wp-blog-header.php(19): require_once('/home/PMSAPIRAN...')
#2 /home/PMSAPIRANGA/adrianoamado/Local Sites/polo/app/public/index.php(17): require('/home/PMSAPIRAN...')
#3 {main}
  thrown in /home/PMSAPIRANGA/adrianoamado/Local Sites/polo/app/public/wp-content/themes/polouabsapiranga/page-home.php on line 53
[14-Mar-2023 16:09:13 UTC] PHP Fatal error:  Uncaught Error: Call to undefined function the_field() in /home/PMSAPIRANGA/adrianoamado/Local Sites/polo/app/public/wp-content/themes/polouabsapiranga/page-home.php:105
Stack trace:
#0 /home/PMSAPIRANGA/adrianoamado/Local Sites/polo/app/public/wp-includes/template-loader.php(106): include()
#1 /home/PMSAPIRANGA/adrianoamado/Local Sites/polo/app/public/wp-blog-header.php(19): require_once('/home/PMSAPIRAN...')
#2 /home/PMSAPIRANGA/adrianoamado/Local Sites/polo/app/public/index.php(17): require('/home/PMSAPIRAN...')
#3 {main}
  thrown in /home/PMSAPIRANGA/adrianoamado/Local Sites/polo/app/public/wp-content/themes/polouabsapiranga/page-home.php on line 105
[14-Mar-2023 16:52:12 UTC] PHP Parse error:  Unclosed '{' on line 193 in /home/PMSAPIRANGA/adrianoamado/Local Sites/polo/app/public/wp-content/themes/polouabsapiranga/functions.php on line 208
[14-Mar-2023 16:54:12 UTC] PHP Warning:  Undefined variable $home_cmb2 in /home/PMSAPIRANGA/adrianoamado/Local Sites/polo/app/public/wp-content/themes/polouabsapiranga/functions.php on line 205
[14-Mar-2023 16:54:12 UTC] PHP Fatal error:  Uncaught Error: Call to a member function add_field() on null in /home/PMSAPIRANGA/adrianoamado/Local Sites/polo/app/public/wp-content/themes/polouabsapiranga/functions.php:205
Stack trace:
#0 /home/PMSAPIRANGA/adrianoamado/Local Sites/polo/app/public/wp-includes/class-wp-hook.php(308): cmb2_fields_home_swiper('')
#1 /home/PMSAPIRANGA/adrianoamado/Local Sites/polo/app/public/wp-includes/class-wp-hook.php(332): WP_Hook->apply_filters(NULL, Array)
#2 /home/PMSAPIRANGA/adrianoamado/Local Sites/polo/app/public/wp-includes/plugin.php(517): WP_Hook->do_action(Array)
#3 /home/PMSAPIRANGA/adrianoamado/Local Sites/polo/app/public/wp-content/plugins/cmb2/bootstrap.php(26): do_action('cmb2_admin_init')
#4 /home/PMSAPIRANGA/adrianoamado/Local Sites/polo/app/public/wp-content/plugins/cmb2/init.php(165): cmb2_bootstrap()
#5 /home/PMSAPIRANGA/adrianoamado/Local Sites/polo/app/public/wp-includes/class-wp-hook.php(308): CMB2_Bootstrap_2101->include_cmb('')
#6 /home/PMSAPIRANGA/adrianoamado/Local Sites/polo/app/public/wp-includes/class-wp-hook.php(332): WP_Hook->apply_filters(NULL, Array)
#7 /home/PMSAPIRANGA/adrianoamado/Local Sites/polo/app/public/wp-includes/plugin.php(517): WP_Hook->do_action(Array)
#8 /home/PMSAPIRANGA/adrianoamado/Local Sites/polo/app/public/wp-settings.php(617): do_action('init')
#9 /home/PMSAPIRANGA/adrianoamado/Local Sites/polo/app/public/wp-config.php(91): require_once('/home/PMSAPIRAN...')
#10 /home/PMSAPIRANGA/adrianoamado/Local Sites/polo/app/public/wp-load.php(50): require_once('/home/PMSAPIRAN...')
#11 /home/PMSAPIRANGA/adrianoamado/Local Sites/polo/app/public/wp-admin/admin-ajax.php(22): require_once('/home/PMSAPIRAN...')
#12 {main}
  thrown in /home/PMSAPIRANGA/adrianoamado/Local Sites/polo/app/public/wp-content/themes/polouabsapiranga/functions.php on line 205
