[06-Feb-2023 13:01:16] NOTICE: fpm is running, pid 64258
[06-Feb-2023 13:01:16] NOTICE: ready to handle connections
[06-Feb-2023 13:09:01] NOTICE: Terminating ...
[06-Feb-2023 13:09:01] NOTICE: exiting, bye-bye!
[06-Feb-2023 13:18:46] NOTICE: fpm is running, pid 10554
[06-Feb-2023 13:18:46] NOTICE: ready to handle connections
[06-Feb-2023 13:39:42] NOTICE: Terminating ...
[06-Feb-2023 13:39:42] NOTICE: Terminating ...
[06-Feb-2023 13:39:42] NOTICE: exiting, bye-bye!
[06-Feb-2023 13:42:39] NOTICE: fpm is running, pid 4480
[06-Feb-2023 13:42:39] NOTICE: ready to handle connections
[06-Feb-2023 15:06:04] NOTICE: Terminating ...
[06-Feb-2023 15:06:04] NOTICE: Terminating ...
[06-Feb-2023 15:06:04] NOTICE: exiting, bye-bye!
[06-Feb-2023 15:09:59] NOTICE: fpm is running, pid 6088
[06-Feb-2023 15:09:59] NOTICE: ready to handle connections
[06-Feb-2023 17:12:51] NOTICE: Terminating ...
[06-Feb-2023 17:12:51] NOTICE: Terminating ...
[06-Feb-2023 17:12:51] NOTICE: exiting, bye-bye!
[07-Feb-2023 12:29:17] NOTICE: fpm is running, pid 9982
[07-Feb-2023 12:29:17] NOTICE: ready to handle connections
[07-Feb-2023 18:08:08] NOTICE: Terminating ...
[07-Feb-2023 18:08:08] NOTICE: Terminating ...
[07-Feb-2023 18:08:08] NOTICE: exiting, bye-bye!
[08-Feb-2023 12:31:33] NOTICE: fpm is running, pid 34964
[08-Feb-2023 12:31:33] NOTICE: ready to handle connections
[08-Feb-2023 18:03:04] NOTICE: Terminating ...
[08-Feb-2023 18:03:04] NOTICE: Terminating ...
[08-Feb-2023 18:03:04] NOTICE: exiting, bye-bye!
[09-Feb-2023 12:59:12] NOTICE: fpm is running, pid 68849
[09-Feb-2023 12:59:12] NOTICE: ready to handle connections
[09-Feb-2023 14:51:47] NOTICE: Terminating ...
[09-Feb-2023 14:51:47] NOTICE: exiting, bye-bye!
[09-Feb-2023 16:38:57] NOTICE: fpm is running, pid 164979
[09-Feb-2023 16:38:57] NOTICE: ready to handle connections
[09-Feb-2023 17:46:04] NOTICE: Terminating ...
[09-Feb-2023 17:46:04] NOTICE: exiting, bye-bye!
[10-Feb-2023 14:03:47] NOTICE: fpm is running, pid 3804
[10-Feb-2023 14:03:47] NOTICE: ready to handle connections
[10-Feb-2023 18:18:07] NOTICE: Terminating ...
[10-Feb-2023 18:18:07] NOTICE: Terminating ...
[10-Feb-2023 18:18:07] NOTICE: exiting, bye-bye!
[14-Feb-2023 12:28:01] NOTICE: fpm is running, pid 26837
[14-Feb-2023 12:28:01] NOTICE: ready to handle connections
[14-Feb-2023 17:05:57] NOTICE: Terminating ...
[14-Feb-2023 17:05:57] NOTICE: Terminating ...
[14-Feb-2023 17:05:57] NOTICE: exiting, bye-bye!
[15-Feb-2023 12:43:26] NOTICE: fpm is running, pid 40705
[15-Feb-2023 12:43:26] NOTICE: ready to handle connections
[15-Feb-2023 18:17:03] NOTICE: Terminating ...
[15-Feb-2023 18:17:03] NOTICE: exiting, bye-bye!
[16-Feb-2023 12:25:52] NOTICE: fpm is running, pid 15745
[16-Feb-2023 12:25:52] NOTICE: ready to handle connections
[16-Feb-2023 13:21:44] NOTICE: Terminating ...
[16-Feb-2023 13:21:44] NOTICE: Terminating ...
[16-Feb-2023 13:21:44] NOTICE: exiting, bye-bye!
[16-Feb-2023 13:25:12] NOTICE: fpm is running, pid 4906
[16-Feb-2023 13:25:12] NOTICE: ready to handle connections
[16-Feb-2023 15:24:52] NOTICE: Terminating ...
[16-Feb-2023 15:24:52] NOTICE: Terminating ...
[16-Feb-2023 15:24:52] NOTICE: exiting, bye-bye!
[16-Feb-2023 15:27:56] NOTICE: fpm is running, pid 4130
[16-Feb-2023 15:27:56] NOTICE: ready to handle connections
[16-Feb-2023 17:35:39] NOTICE: Terminating ...
[16-Feb-2023 17:35:39] NOTICE: Terminating ...
[16-Feb-2023 17:35:39] NOTICE: exiting, bye-bye!
[16-Feb-2023 17:38:26] NOTICE: fpm is running, pid 3287
[16-Feb-2023 17:38:26] NOTICE: ready to handle connections
[16-Feb-2023 17:58:54] NOTICE: Terminating ...
[16-Feb-2023 17:58:54] NOTICE: Terminating ...
[16-Feb-2023 17:58:54] NOTICE: exiting, bye-bye!
[16-Feb-2023 18:01:27] NOTICE: fpm is running, pid 3729
[16-Feb-2023 18:01:27] NOTICE: ready to handle connections
[16-Feb-2023 18:07:05] NOTICE: Terminating ...
[16-Feb-2023 18:07:05] NOTICE: Terminating ...
[16-Feb-2023 18:07:05] NOTICE: exiting, bye-bye!
[16-Feb-2023 18:07:07] NOTICE: fpm is running, pid 17809
[16-Feb-2023 18:07:07] NOTICE: ready to handle connections
[16-Feb-2023 18:07:14] NOTICE: Terminating ...
[16-Feb-2023 18:07:14] NOTICE: Terminating ...
[16-Feb-2023 18:07:14] NOTICE: exiting, bye-bye!
[17-Feb-2023 12:28:47] NOTICE: fpm is running, pid 35844
[17-Feb-2023 12:28:47] NOTICE: ready to handle connections
[17-Feb-2023 15:09:24] NOTICE: Terminating ...
[17-Feb-2023 15:09:24] NOTICE: Terminating ...
[17-Feb-2023 15:09:24] NOTICE: exiting, bye-bye!
[17-Feb-2023 15:12:10] NOTICE: fpm is running, pid 3204
[17-Feb-2023 15:12:10] NOTICE: ready to handle connections
[17-Feb-2023 17:55:19] NOTICE: Terminating ...
[17-Feb-2023 17:55:19] NOTICE: Terminating ...
[17-Feb-2023 17:55:19] NOTICE: exiting, bye-bye!
[22-Feb-2023 12:42:40] NOTICE: fpm is running, pid 16907
[22-Feb-2023 12:42:40] NOTICE: ready to handle connections
[22-Feb-2023 15:17:02] NOTICE: Terminating ...
[22-Feb-2023 15:17:02] NOTICE: Terminating ...
[22-Feb-2023 15:17:02] NOTICE: exiting, bye-bye!
[22-Feb-2023 15:21:50] NOTICE: fpm is running, pid 6613
[22-Feb-2023 15:21:50] NOTICE: ready to handle connections
[22-Feb-2023 16:19:51] NOTICE: Terminating ...
[22-Feb-2023 16:19:51] NOTICE: Terminating ...
[22-Feb-2023 16:19:51] NOTICE: exiting, bye-bye!
[22-Feb-2023 16:20:03] NOTICE: fpm is running, pid 90684
[22-Feb-2023 16:20:03] NOTICE: ready to handle connections
[22-Feb-2023 18:28:40] NOTICE: Terminating ...
[22-Feb-2023 18:28:40] NOTICE: exiting, bye-bye!
[23-Feb-2023 12:26:43] NOTICE: fpm is running, pid 21380
[23-Feb-2023 12:26:43] NOTICE: ready to handle connections
[23-Feb-2023 18:07:12] NOTICE: Terminating ...
[23-Feb-2023 18:07:12] NOTICE: exiting, bye-bye!
[27-Feb-2023 12:24:22] NOTICE: fpm is running, pid 25328
[27-Feb-2023 12:24:22] NOTICE: ready to handle connections
[27-Feb-2023 15:10:25] NOTICE: Terminating ...
[27-Feb-2023 15:10:25] NOTICE: exiting, bye-bye!
[27-Feb-2023 15:15:47] NOTICE: fpm is running, pid 5138
[27-Feb-2023 15:15:47] NOTICE: ready to handle connections
[27-Feb-2023 17:46:00] NOTICE: Terminating ...
[27-Feb-2023 17:46:00] NOTICE: Terminating ...
[27-Feb-2023 17:46:00] NOTICE: exiting, bye-bye!
[01-Mar-2023 12:33:09] NOTICE: fpm is running, pid 18037
[01-Mar-2023 12:33:09] NOTICE: ready to handle connections
[01-Mar-2023 12:37:00] NOTICE: Terminating ...
[01-Mar-2023 12:37:00] NOTICE: exiting, bye-bye!
[01-Mar-2023 12:44:43] NOTICE: fpm is running, pid 17193
[01-Mar-2023 12:44:43] NOTICE: ready to handle connections
[01-Mar-2023 18:13:58] NOTICE: Terminating ...
[01-Mar-2023 18:13:58] NOTICE: Terminating ...
[01-Mar-2023 18:13:58] NOTICE: exiting, bye-bye!
[02-Mar-2023 12:32:54] NOTICE: fpm is running, pid 28239
[02-Mar-2023 12:32:54] NOTICE: ready to handle connections
[02-Mar-2023 14:25:18] NOTICE: Terminating ...
[02-Mar-2023 14:25:18] NOTICE: Terminating ...
[02-Mar-2023 14:25:18] NOTICE: exiting, bye-bye!
[02-Mar-2023 14:30:05] NOTICE: fpm is running, pid 7242
[02-Mar-2023 14:30:05] NOTICE: ready to handle connections
[02-Mar-2023 17:52:24] NOTICE: Terminating ...
[02-Mar-2023 17:52:24] NOTICE: Terminating ...
[02-Mar-2023 17:52:24] NOTICE: exiting, bye-bye!
[03-Mar-2023 08:21:17] NOTICE: fpm is running, pid 46945
[03-Mar-2023 08:21:17] NOTICE: ready to handle connections
[03-Mar-2023 10:09:18] NOTICE: Terminating ...
[03-Mar-2023 10:09:18] NOTICE: Terminating ...
[03-Mar-2023 10:09:18] NOTICE: exiting, bye-bye!
[03-Mar-2023 10:11:53] NOTICE: fpm is running, pid 3505
[03-Mar-2023 10:11:53] NOTICE: ready to handle connections
[03-Mar-2023 11:07:58] NOTICE: Terminating ...
[03-Mar-2023 11:07:58] NOTICE: Terminating ...
[03-Mar-2023 11:07:58] NOTICE: exiting, bye-bye!
[03-Mar-2023 11:10:33] NOTICE: fpm is running, pid 3109
[03-Mar-2023 11:10:33] NOTICE: ready to handle connections
[03-Mar-2023 13:45:47] NOTICE: Terminating ...
[03-Mar-2023 13:45:47] NOTICE: Terminating ...
[03-Mar-2023 13:45:47] NOTICE: exiting, bye-bye!
[06-Mar-2023 12:32:33] NOTICE: fpm is running, pid 4348
[06-Mar-2023 12:32:33] NOTICE: ready to handle connections
[06-Mar-2023 18:17:32] NOTICE: Terminating ...
[06-Mar-2023 18:17:32] NOTICE: Terminating ...
[06-Mar-2023 18:17:32] NOTICE: exiting, bye-bye!
[07-Mar-2023 12:24:37] NOTICE: fpm is running, pid 29388
[07-Mar-2023 12:24:37] NOTICE: ready to handle connections
[07-Mar-2023 17:51:16] NOTICE: Terminating ...
[07-Mar-2023 17:51:16] NOTICE: Terminating ...
[07-Mar-2023 17:51:16] NOTICE: exiting, bye-bye!
[07-Mar-2023 17:51:31] NOTICE: fpm is running, pid 659976
[07-Mar-2023 17:51:31] NOTICE: ready to handle connections
[07-Mar-2023 18:05:48] NOTICE: Terminating ...
[07-Mar-2023 18:05:48] NOTICE: Terminating ...
[07-Mar-2023 18:05:48] NOTICE: exiting, bye-bye!
[08-Mar-2023 12:35:50] NOTICE: fpm is running, pid 21404
[08-Mar-2023 12:35:50] NOTICE: ready to handle connections
[08-Mar-2023 18:02:00] NOTICE: Terminating ...
[08-Mar-2023 18:02:00] NOTICE: Terminating ...
[08-Mar-2023 18:02:00] NOTICE: exiting, bye-bye!
[09-Mar-2023 12:37:56] NOTICE: fpm is running, pid 26055
[09-Mar-2023 12:37:56] NOTICE: ready to handle connections
[09-Mar-2023 17:39:19] NOTICE: Terminating ...
[09-Mar-2023 17:39:19] NOTICE: Terminating ...
[09-Mar-2023 17:39:19] NOTICE: exiting, bye-bye!
[10-Mar-2023 12:29:14] NOTICE: fpm is running, pid 15010
[10-Mar-2023 12:29:14] NOTICE: ready to handle connections
[10-Mar-2023 18:03:39] NOTICE: Terminating ...
[10-Mar-2023 18:03:39] NOTICE: Terminating ...
[10-Mar-2023 18:03:39] NOTICE: exiting, bye-bye!
[13-Mar-2023 12:26:17] NOTICE: fpm is running, pid 3724
[13-Mar-2023 12:26:17] NOTICE: ready to handle connections
[13-Mar-2023 14:24:48] NOTICE: Terminating ...
[13-Mar-2023 14:24:48] NOTICE: Terminating ...
[13-Mar-2023 14:24:48] NOTICE: exiting, bye-bye!
[13-Mar-2023 15:19:15] NOTICE: fpm is running, pid 52914
[13-Mar-2023 15:19:15] NOTICE: ready to handle connections
[13-Mar-2023 18:18:59] NOTICE: Terminating ...
[13-Mar-2023 18:18:59] NOTICE: Terminating ...
[13-Mar-2023 18:18:59] NOTICE: exiting, bye-bye!
[14-Mar-2023 12:45:52] NOTICE: fpm is running, pid 67638
[14-Mar-2023 12:45:52] NOTICE: ready to handle connections
[14-Mar-2023 14:43:54] NOTICE: Terminating ...
[14-Mar-2023 14:43:54] NOTICE: Terminating ...
[14-Mar-2023 14:43:54] NOTICE: exiting, bye-bye!
[14-Mar-2023 14:46:24] NOTICE: fpm is running, pid 4534
[14-Mar-2023 14:46:24] NOTICE: ready to handle connections
[14-Mar-2023 15:13:57] NOTICE: Terminating ...
[14-Mar-2023 15:13:57] NOTICE: Terminating ...
[14-Mar-2023 15:13:57] NOTICE: exiting, bye-bye!
[16-Mar-2023 12:40:50] NOTICE: fpm is running, pid 5478
[16-Mar-2023 12:40:50] NOTICE: ready to handle connections
[16-Mar-2023 15:33:03] NOTICE: Terminating ...
[16-Mar-2023 15:33:03] NOTICE: Terminating ...
[16-Mar-2023 15:33:03] NOTICE: exiting, bye-bye!
[16-Mar-2023 15:36:01] NOTICE: fpm is running, pid 3288
[16-Mar-2023 15:36:01] NOTICE: ready to handle connections
[16-Mar-2023 17:27:12] NOTICE: Terminating ...
[16-Mar-2023 17:27:12] NOTICE: Terminating ...
[16-Mar-2023 17:27:12] NOTICE: exiting, bye-bye!
[16-Mar-2023 17:31:17] NOTICE: fpm is running, pid 3976
[16-Mar-2023 17:31:17] NOTICE: ready to handle connections
[16-Mar-2023 17:50:33] NOTICE: Terminating ...
[16-Mar-2023 17:50:33] NOTICE: Terminating ...
[16-Mar-2023 17:50:33] NOTICE: exiting, bye-bye!
[16-Mar-2023 17:50:36] NOTICE: fpm is running, pid 26907
[16-Mar-2023 17:50:36] NOTICE: ready to handle connections
[16-Mar-2023 17:51:36] NOTICE: Terminating ...
[16-Mar-2023 17:51:36] NOTICE: Terminating ...
[16-Mar-2023 17:51:36] NOTICE: exiting, bye-bye!
[16-Mar-2023 17:51:39] NOTICE: fpm is running, pid 28327
[16-Mar-2023 17:51:39] NOTICE: ready to handle connections
[16-Mar-2023 18:25:48] NOTICE: Terminating ...
[16-Mar-2023 18:25:48] NOTICE: Terminating ...
[16-Mar-2023 18:25:48] NOTICE: exiting, bye-bye!
[16-Mar-2023 18:25:51] NOTICE: fpm is running, pid 66382
[16-Mar-2023 18:25:51] NOTICE: ready to handle connections
[16-Mar-2023 18:27:36] NOTICE: Terminating ...
[16-Mar-2023 18:27:36] NOTICE: Terminating ...
[16-Mar-2023 18:27:36] NOTICE: exiting, bye-bye!
[16-Mar-2023 18:29:43] NOTICE: fpm is running, pid 71343
[16-Mar-2023 18:29:43] NOTICE: ready to handle connections
[16-Mar-2023 18:30:32] NOTICE: Terminating ...
[16-Mar-2023 18:30:32] NOTICE: Terminating ...
[16-Mar-2023 18:30:32] NOTICE: exiting, bye-bye!
[17-Mar-2023 12:29:20] NOTICE: fpm is running, pid 3247
[17-Mar-2023 12:29:20] NOTICE: ready to handle connections
[17-Mar-2023 16:47:06] NOTICE: Terminating ...
[17-Mar-2023 16:47:06] NOTICE: Terminating ...
[17-Mar-2023 16:47:06] NOTICE: exiting, bye-bye!
[17-Mar-2023 17:03:08] NOTICE: fpm is running, pid 3451
[17-Mar-2023 17:03:08] NOTICE: ready to handle connections
[17-Mar-2023 18:16:54] NOTICE: Terminating ...
[17-Mar-2023 18:16:54] NOTICE: Terminating ...
[17-Mar-2023 18:16:54] NOTICE: exiting, bye-bye!
[17-Mar-2023 18:17:04] NOTICE: fpm is running, pid 80560
[17-Mar-2023 18:17:04] NOTICE: ready to handle connections
[17-Mar-2023 18:21:42] NOTICE: Terminating ...
[17-Mar-2023 18:21:42] NOTICE: Terminating ...
[17-Mar-2023 18:21:42] NOTICE: exiting, bye-bye!
[20-Mar-2023 12:22:26] NOTICE: fpm is running, pid 3250
[20-Mar-2023 12:22:26] NOTICE: ready to handle connections
[20-Mar-2023 14:09:27] NOTICE: Terminating ...
[20-Mar-2023 14:09:27] NOTICE: Terminating ...
[20-Mar-2023 14:09:27] NOTICE: exiting, bye-bye!
[20-Mar-2023 14:22:36] NOTICE: fpm is running, pid 2943
[20-Mar-2023 14:22:36] NOTICE: ready to handle connections
[20-Mar-2023 18:17:46] NOTICE: Terminating ...
[20-Mar-2023 18:17:46] NOTICE: Terminating ...
[20-Mar-2023 18:17:46] NOTICE: exiting, bye-bye!
[20-Mar-2023 18:17:51] NOTICE: fpm is running, pid 237866
[20-Mar-2023 18:17:51] NOTICE: ready to handle connections
[20-Mar-2023 18:18:06] NOTICE: Terminating ...
[20-Mar-2023 18:18:06] NOTICE: Terminating ...
[20-Mar-2023 18:18:06] NOTICE: exiting, bye-bye!
[21-Mar-2023 12:30:18] NOTICE: fpm is running, pid 14784
[21-Mar-2023 12:30:18] NOTICE: ready to handle connections
[21-Mar-2023 18:07:28] NOTICE: Terminating ...
[21-Mar-2023 18:07:28] NOTICE: Terminating ...
[21-Mar-2023 18:07:28] NOTICE: exiting, bye-bye!
[21-Mar-2023 18:07:31] NOTICE: fpm is running, pid 320842
[21-Mar-2023 18:07:31] NOTICE: ready to handle connections
[21-Mar-2023 18:11:02] NOTICE: Terminating ...
[21-Mar-2023 18:11:02] NOTICE: Terminating ...
[21-Mar-2023 18:11:02] NOTICE: exiting, bye-bye!
[22-Mar-2023 12:29:37] NOTICE: fpm is running, pid 5660
[22-Mar-2023 12:29:37] NOTICE: ready to handle connections
[22-Mar-2023 14:12:29] NOTICE: Terminating ...
[22-Mar-2023 14:12:29] NOTICE: Terminating ...
[22-Mar-2023 14:12:29] NOTICE: exiting, bye-bye!
[22-Mar-2023 14:12:32] NOTICE: fpm is running, pid 112313
[22-Mar-2023 14:12:32] NOTICE: ready to handle connections
[22-Mar-2023 16:50:56] NOTICE: Terminating ...
[22-Mar-2023 16:50:56] NOTICE: Terminating ...
[22-Mar-2023 16:50:56] NOTICE: exiting, bye-bye!
[22-Mar-2023 17:16:24] NOTICE: fpm is running, pid 4615
[22-Mar-2023 17:16:24] NOTICE: ready to handle connections
[22-Mar-2023 18:17:31] NOTICE: Terminating ...
[22-Mar-2023 18:17:31] NOTICE: Terminating ...
[22-Mar-2023 18:17:31] NOTICE: exiting, bye-bye!
[23-Mar-2023 12:26:56] NOTICE: fpm is running, pid 4166
[23-Mar-2023 12:26:56] NOTICE: ready to handle connections
[23-Mar-2023 13:47:28] NOTICE: Terminating ...
[23-Mar-2023 13:47:28] NOTICE: Terminating ...
[23-Mar-2023 13:47:28] NOTICE: exiting, bye-bye!
[23-Mar-2023 13:49:57] NOTICE: fpm is running, pid 3252
[23-Mar-2023 13:49:57] NOTICE: ready to handle connections
[23-Mar-2023 15:20:29] NOTICE: Terminating ...
[23-Mar-2023 15:20:29] NOTICE: exiting, bye-bye!
[23-Mar-2023 15:22:26] NOTICE: fpm is running, pid 4042
[23-Mar-2023 15:22:26] NOTICE: ready to handle connections
[23-Mar-2023 18:11:11] NOTICE: Terminating ...
[23-Mar-2023 18:11:11] NOTICE: Terminating ...
[23-Mar-2023 18:11:11] NOTICE: exiting, bye-bye!
[23-Mar-2023 18:11:46] NOTICE: fpm is running, pid 240629
[23-Mar-2023 18:11:46] NOTICE: ready to handle connections
[23-Mar-2023 18:12:46] NOTICE: Terminating ...
[23-Mar-2023 18:12:46] NOTICE: Terminating ...
[23-Mar-2023 18:12:46] NOTICE: exiting, bye-bye!
[24-Mar-2023 12:41:29] NOTICE: fpm is running, pid 7747
[24-Mar-2023 12:41:29] NOTICE: ready to handle connections
[24-Mar-2023 17:11:48] NOTICE: Terminating ...
[24-Mar-2023 17:11:48] NOTICE: exiting, bye-bye!
[24-Mar-2023 17:14:01] NOTICE: fpm is running, pid 4400
[24-Mar-2023 17:14:01] NOTICE: ready to handle connections
[24-Mar-2023 18:27:57] NOTICE: Terminating ...
[24-Mar-2023 18:27:57] NOTICE: Terminating ...
[24-Mar-2023 18:27:57] NOTICE: exiting, bye-bye!
[24-Mar-2023 18:30:27] NOTICE: fpm is running, pid 125730
[24-Mar-2023 18:30:27] NOTICE: ready to handle connections
[24-Mar-2023 18:31:51] NOTICE: Terminating ...
[24-Mar-2023 18:31:51] NOTICE: Terminating ...
[24-Mar-2023 18:31:51] NOTICE: exiting, bye-bye!
[28-Mar-2023 12:24:29] NOTICE: fpm is running, pid 8464
[28-Mar-2023 12:24:29] NOTICE: ready to handle connections
[28-Mar-2023 15:27:07] NOTICE: Terminating ...
[28-Mar-2023 15:27:07] NOTICE: Terminating ...
[28-Mar-2023 15:27:07] NOTICE: exiting, bye-bye!
[28-Mar-2023 15:31:17] NOTICE: fpm is running, pid 6232
[28-Mar-2023 15:31:17] NOTICE: ready to handle connections
[28-Mar-2023 15:58:09] NOTICE: Terminating ...
[28-Mar-2023 15:58:09] NOTICE: Terminating ...
[28-Mar-2023 15:58:09] NOTICE: exiting, bye-bye!
[28-Mar-2023 15:58:15] NOTICE: fpm is running, pid 54923
[28-Mar-2023 15:58:15] NOTICE: ready to handle connections
[28-Mar-2023 17:44:40] NOTICE: Terminating ...
[28-Mar-2023 17:44:40] NOTICE: Terminating ...
[28-Mar-2023 17:44:40] NOTICE: exiting, bye-bye!
[28-Mar-2023 17:46:20] NOTICE: fpm is running, pid 245738
[28-Mar-2023 17:46:20] NOTICE: ready to handle connections
[28-Mar-2023 17:56:42] NOTICE: Terminating ...
[28-Mar-2023 17:56:42] NOTICE: Terminating ...
[28-Mar-2023 17:56:42] NOTICE: exiting, bye-bye!
[29-Mar-2023 12:38:04] NOTICE: fpm is running, pid 18162
[29-Mar-2023 12:38:04] NOTICE: ready to handle connections
[29-Mar-2023 13:05:43] NOTICE: Terminating ...
[29-Mar-2023 13:05:43] NOTICE: Terminating ...
[29-Mar-2023 13:05:43] NOTICE: exiting, bye-bye!
[29-Mar-2023 13:05:45] NOTICE: fpm is running, pid 70713
[29-Mar-2023 13:05:45] NOTICE: ready to handle connections
[29-Mar-2023 13:08:09] NOTICE: Terminating ...
[29-Mar-2023 13:08:09] NOTICE: Terminating ...
[29-Mar-2023 13:08:09] NOTICE: exiting, bye-bye!
[29-Mar-2023 13:27:00] NOTICE: fpm is running, pid 34282
[29-Mar-2023 13:27:00] NOTICE: ready to handle connections
[29-Mar-2023 14:09:49] NOTICE: Terminating ...
[29-Mar-2023 14:09:49] NOTICE: Terminating ...
[29-Mar-2023 14:09:49] NOTICE: exiting, bye-bye!
[29-Mar-2023 14:15:51] NOTICE: fpm is running, pid 3914
[29-Mar-2023 14:15:51] NOTICE: ready to handle connections
[29-Mar-2023 14:24:16] NOTICE: Terminating ...
[29-Mar-2023 14:24:16] NOTICE: Terminating ...
[29-Mar-2023 14:24:16] NOTICE: exiting, bye-bye!
[29-Mar-2023 14:24:19] NOTICE: fpm is running, pid 22483
[29-Mar-2023 14:24:19] NOTICE: ready to handle connections
[29-Mar-2023 14:58:37] NOTICE: Terminating ...
[29-Mar-2023 14:58:37] NOTICE: Terminating ...
[29-Mar-2023 14:58:37] NOTICE: exiting, bye-bye!
[29-Mar-2023 14:58:39] NOTICE: fpm is running, pid 90084
[29-Mar-2023 14:58:39] NOTICE: ready to handle connections
[29-Mar-2023 14:58:42] NOTICE: Terminating ...
[29-Mar-2023 14:58:42] NOTICE: Terminating ...
[29-Mar-2023 14:58:42] NOTICE: exiting, bye-bye!
[29-Mar-2023 14:58:44] NOTICE: fpm is running, pid 90305
[29-Mar-2023 14:58:44] NOTICE: ready to handle connections
[29-Mar-2023 15:02:01] NOTICE: Terminating ...
[29-Mar-2023 15:02:01] NOTICE: Terminating ...
[29-Mar-2023 15:02:01] NOTICE: exiting, bye-bye!
[29-Mar-2023 15:02:03] NOTICE: fpm is running, pid 96953
[29-Mar-2023 15:02:03] NOTICE: ready to handle connections
[29-Mar-2023 15:02:04] NOTICE: Terminating ...
[29-Mar-2023 15:02:04] NOTICE: Terminating ...
[29-Mar-2023 15:02:04] NOTICE: exiting, bye-bye!
[29-Mar-2023 15:05:41] NOTICE: fpm is running, pid 6662
[29-Mar-2023 15:05:41] NOTICE: ready to handle connections
[29-Mar-2023 15:17:27] NOTICE: Terminating ...
[29-Mar-2023 15:17:27] NOTICE: Terminating ...
[29-Mar-2023 15:17:27] NOTICE: exiting, bye-bye!
[29-Mar-2023 15:17:28] NOTICE: fpm is running, pid 31655
[29-Mar-2023 15:17:28] NOTICE: ready to handle connections
[29-Mar-2023 15:25:26] NOTICE: Terminating ...
[29-Mar-2023 15:25:26] NOTICE: exiting, bye-bye!
[29-Mar-2023 15:27:50] NOTICE: fpm is running, pid 4939
[29-Mar-2023 15:27:50] NOTICE: ready to handle connections
[29-Mar-2023 18:24:14] NOTICE: Terminating ...
[29-Mar-2023 18:24:14] NOTICE: Terminating ...
[29-Mar-2023 18:24:14] NOTICE: exiting, bye-bye!
[30-Mar-2023 12:49:11] NOTICE: fpm is running, pid 44922
[30-Mar-2023 12:49:11] NOTICE: ready to handle connections
[30-Mar-2023 14:38:45] NOTICE: Terminating ...
[30-Mar-2023 14:38:45] NOTICE: Terminating ...
[30-Mar-2023 14:38:45] NOTICE: exiting, bye-bye!
[30-Mar-2023 14:38:48] NOTICE: fpm is running, pid 291244
[30-Mar-2023 14:38:48] NOTICE: ready to handle connections
[30-Mar-2023 14:39:30] NOTICE: Terminating ...
[30-Mar-2023 14:39:30] NOTICE: Terminating ...
[30-Mar-2023 14:39:30] NOTICE: exiting, bye-bye!
[30-Mar-2023 14:39:33] NOTICE: fpm is running, pid 293296
[30-Mar-2023 14:39:33] NOTICE: ready to handle connections
[30-Mar-2023 18:30:26] NOTICE: Terminating ...
[30-Mar-2023 18:30:26] NOTICE: Terminating ...
[30-Mar-2023 18:30:26] NOTICE: exiting, bye-bye!
[31-Mar-2023 12:36:15] NOTICE: fpm is running, pid 30139
[31-Mar-2023 12:36:15] NOTICE: ready to handle connections
[31-Mar-2023 16:38:54] NOTICE: Terminating ...
[31-Mar-2023 16:38:54] NOTICE: Terminating ...
[31-Mar-2023 16:38:54] NOTICE: exiting, bye-bye!
[31-Mar-2023 16:38:56] NOTICE: fpm is running, pid 599601
[31-Mar-2023 16:38:56] NOTICE: ready to handle connections
[31-Mar-2023 17:02:11] NOTICE: Terminating ...
[31-Mar-2023 17:02:11] NOTICE: Terminating ...
[31-Mar-2023 17:02:11] NOTICE: exiting, bye-bye!
[31-Mar-2023 17:04:35] NOTICE: fpm is running, pid 660875
[31-Mar-2023 17:04:35] NOTICE: ready to handle connections
[31-Mar-2023 17:36:22] NOTICE: Terminating ...
[31-Mar-2023 17:36:22] NOTICE: Terminating ...
[31-Mar-2023 17:36:22] NOTICE: exiting, bye-bye!
[31-Mar-2023 17:40:42] NOTICE: fpm is running, pid 4851
[31-Mar-2023 17:40:42] NOTICE: ready to handle connections
[31-Mar-2023 18:04:35] NOTICE: Terminating ...
[31-Mar-2023 18:04:35] NOTICE: Terminating ...
[31-Mar-2023 18:04:35] NOTICE: exiting, bye-bye!
[31-Mar-2023 18:04:37] NOTICE: fpm is running, pid 62614
[31-Mar-2023 18:04:37] NOTICE: ready to handle connections
[31-Mar-2023 18:05:19] NOTICE: Terminating ...
[31-Mar-2023 18:05:19] NOTICE: Terminating ...
[31-Mar-2023 18:05:19] NOTICE: exiting, bye-bye!
