 
[03-Apr-2023 20:05:13 UTC] PHP Warning:  mysqli_real_connect(): (HY000/2002): No such file or directory in /home/PMSAPIRANGA/adrianoamado/Local Sites/polo/app/public/wp-includes/class-wpdb.php on line 2019
[03-Apr-2023 20:05:13 UTC] PHP Warning:  mysqli_real_connect(): (HY000/2002): No such file or directory in /home/PMSAPIRANGA/adrianoamado/Local Sites/polo/app/public/wp-includes/class-wpdb.php on line 2019
[03-Apr-2023 20:05:14 UTC] PHP Warning:  mysqli_real_connect(): (HY000/2002): No such file or directory in /home/PMSAPIRANGA/adrianoamado/Local Sites/polo/app/public/wp-includes/class-wpdb.php on line 2019
[03-Apr-2023 20:05:25 UTC] PHP Deprecated:  Return type of WP_CLI\Iterators\Transform::current() should either be compatible with IteratorIterator::current(): mixed, or the #[\ReturnTypeWillChange] attribute should be used to temporarily suppress the notice in phar:///opt/Local/resources/extraResources/bin/wp-cli/wp-cli.phar/vendor/wp-cli/wp-cli/php/WP_CLI/Iterators/Transform.php on line 18
[03-Apr-2023 20:05:26 UTC] PHP Deprecated:  Return type of WP_CLI\Iterators\Transform::current() should either be compatible with IteratorIterator::current(): mixed, or the #[\ReturnTypeWillChange] attribute should be used to temporarily suppress the notice in phar:///opt/Local/resources/extraResources/bin/wp-cli/wp-cli.phar/vendor/wp-cli/wp-cli/php/WP_CLI/Iterators/Transform.php on line 18
[03-Apr-2023 20:07:56 UTC] PHP Deprecated:  Return type of WP_CLI\Iterators\Transform::current() should either be compatible with IteratorIterator::current(): mixed, or the #[\ReturnTypeWillChange] attribute should be used to temporarily suppress the notice in phar:///opt/Local/resources/extraResources/bin/wp-cli/wp-cli.phar/vendor/wp-cli/wp-cli/php/WP_CLI/Iterators/Transform.php on line 18
[03-Apr-2023 21:01:11 UTC] PHP Warning:  Undefined variable $reco_edu in /home/PMSAPIRANGA/adrianoamado/Local Sites/polo/app/public/wp-content/themes/polouabsapiranga/page-biblioteca.php on line 375
[03-Apr-2023 21:01:11 UTC] PHP Warning:  Trying to access array offset on value of type null in /home/PMSAPIRANGA/adrianoamado/Local Sites/polo/app/public/wp-content/themes/polouabsapiranga/page-biblioteca.php on line 375
[04-Apr-2023 15:58:36 UTC] PHP Warning:  Undefined array key "course_pos_link" in /home/PMSAPIRANGA/adrianoamado/Local Sites/polo/app/public/wp-content/themes/polouabsapiranga/page-cursos.php on line 92
[04-Apr-2023 15:58:36 UTC] PHP Warning:  Undefined array key "course_pos_name" in /home/PMSAPIRANGA/adrianoamado/Local Sites/polo/app/public/wp-content/themes/polouabsapiranga/page-cursos.php on line 93
[04-Apr-2023 15:58:36 UTC] PHP Warning:  Undefined array key "course_pos_name" in /home/PMSAPIRANGA/adrianoamado/Local Sites/polo/app/public/wp-content/themes/polouabsapiranga/page-cursos.php on line 95
[04-Apr-2023 15:58:36 UTC] PHP Warning:  Undefined array key "course_pos_name" in /home/PMSAPIRANGA/adrianoamado/Local Sites/polo/app/public/wp-content/themes/polouabsapiranga/page-cursos.php on line 136
[04-Apr-2023 15:58:36 UTC] PHP Warning:  Undefined array key "course_pos_name" in /home/PMSAPIRANGA/adrianoamado/Local Sites/polo/app/public/wp-content/themes/polouabsapiranga/page-cursos.php on line 136
[04-Apr-2023 16:03:51 UTC] PHP Warning:  Undefined array key "course_pos_link" in /home/PMSAPIRANGA/adrianoamado/Local Sites/polo/app/public/wp-content/themes/polouabsapiranga/page-cursos.php on line 92
[04-Apr-2023 16:03:51 UTC] PHP Warning:  Undefined array key "course_pos_name" in /home/PMSAPIRANGA/adrianoamado/Local Sites/polo/app/public/wp-content/themes/polouabsapiranga/page-cursos.php on line 93
[04-Apr-2023 16:03:51 UTC] PHP Warning:  Undefined array key "course_pos_name" in /home/PMSAPIRANGA/adrianoamado/Local Sites/polo/app/public/wp-content/themes/polouabsapiranga/page-cursos.php on line 95
[04-Apr-2023 16:03:51 UTC] PHP Warning:  Undefined array key "course_pos_name" in /home/PMSAPIRANGA/adrianoamado/Local Sites/polo/app/public/wp-content/themes/polouabsapiranga/page-cursos.php on line 136
[04-Apr-2023 16:03:51 UTC] PHP Warning:  Undefined array key "course_pos_name" in /home/PMSAPIRANGA/adrianoamado/Local Sites/polo/app/public/wp-content/themes/polouabsapiranga/page-cursos.php on line 136
[04-Apr-2023 16:04:52 UTC] PHP Warning:  Undefined array key "course_pos_link" in /home/PMSAPIRANGA/adrianoamado/Local Sites/polo/app/public/wp-content/themes/polouabsapiranga/page-cursos.php on line 92
[04-Apr-2023 16:04:52 UTC] PHP Warning:  Undefined array key "course_pos_name" in /home/PMSAPIRANGA/adrianoamado/Local Sites/polo/app/public/wp-content/themes/polouabsapiranga/page-cursos.php on line 93
[04-Apr-2023 16:04:52 UTC] PHP Warning:  Undefined array key "course_pos_name" in /home/PMSAPIRANGA/adrianoamado/Local Sites/polo/app/public/wp-content/themes/polouabsapiranga/page-cursos.php on line 95
[04-Apr-2023 16:04:52 UTC] PHP Warning:  Undefined array key "course_pos_name" in /home/PMSAPIRANGA/adrianoamado/Local Sites/polo/app/public/wp-content/themes/polouabsapiranga/page-cursos.php on line 136
[04-Apr-2023 16:04:52 UTC] PHP Warning:  Undefined array key "course_pos_name" in /home/PMSAPIRANGA/adrianoamado/Local Sites/polo/app/public/wp-content/themes/polouabsapiranga/page-cursos.php on line 136
[04-Apr-2023 16:05:12 UTC] PHP Warning:  Undefined array key "course_pos_link" in /home/PMSAPIRANGA/adrianoamado/Local Sites/polo/app/public/wp-content/themes/polouabsapiranga/page-cursos.php on line 92
[04-Apr-2023 16:05:12 UTC] PHP Warning:  Undefined array key "course_pos_name" in /home/PMSAPIRANGA/adrianoamado/Local Sites/polo/app/public/wp-content/themes/polouabsapiranga/page-cursos.php on line 93
[04-Apr-2023 16:05:12 UTC] PHP Warning:  Undefined array key "course_pos_name" in /home/PMSAPIRANGA/adrianoamado/Local Sites/polo/app/public/wp-content/themes/polouabsapiranga/page-cursos.php on line 95
[04-Apr-2023 16:05:12 UTC] PHP Warning:  Undefined array key "course_pos_name" in /home/PMSAPIRANGA/adrianoamado/Local Sites/polo/app/public/wp-content/themes/polouabsapiranga/page-cursos.php on line 136
[04-Apr-2023 16:05:12 UTC] PHP Warning:  Undefined array key "course_pos_name" in /home/PMSAPIRANGA/adrianoamado/Local Sites/polo/app/public/wp-content/themes/polouabsapiranga/page-cursos.php on line 136
[04-Apr-2023 16:05:30 UTC] PHP Warning:  Undefined array key "course_pos_link" in /home/PMSAPIRANGA/adrianoamado/Local Sites/polo/app/public/wp-content/themes/polouabsapiranga/page-cursos.php on line 92
[04-Apr-2023 16:05:30 UTC] PHP Warning:  Undefined array key "course_pos_name" in /home/PMSAPIRANGA/adrianoamado/Local Sites/polo/app/public/wp-content/themes/polouabsapiranga/page-cursos.php on line 93
[04-Apr-2023 16:05:30 UTC] PHP Warning:  Undefined array key "course_pos_name" in /home/PMSAPIRANGA/adrianoamado/Local Sites/polo/app/public/wp-content/themes/polouabsapiranga/page-cursos.php on line 95
[04-Apr-2023 16:05:30 UTC] PHP Warning:  Undefined array key "course_pos_name" in /home/PMSAPIRANGA/adrianoamado/Local Sites/polo/app/public/wp-content/themes/polouabsapiranga/page-cursos.php on line 136
[04-Apr-2023 16:05:30 UTC] PHP Warning:  Undefined array key "course_pos_name" in /home/PMSAPIRANGA/adrianoamado/Local Sites/polo/app/public/wp-content/themes/polouabsapiranga/page-cursos.php on line 136
[04-Apr-2023 16:08:23 UTC] PHP Warning:  Undefined array key "course_pos_link" in /home/PMSAPIRANGA/adrianoamado/Local Sites/polo/app/public/wp-content/themes/polouabsapiranga/page-cursos.php on line 92
[04-Apr-2023 16:08:23 UTC] PHP Warning:  Undefined array key "course_pos_name" in /home/PMSAPIRANGA/adrianoamado/Local Sites/polo/app/public/wp-content/themes/polouabsapiranga/page-cursos.php on line 93
[04-Apr-2023 16:08:23 UTC] PHP Warning:  Undefined array key "course_pos_name" in /home/PMSAPIRANGA/adrianoamado/Local Sites/polo/app/public/wp-content/themes/polouabsapiranga/page-cursos.php on line 95
[04-Apr-2023 16:08:23 UTC] PHP Warning:  Undefined array key "course_pos_name" in /home/PMSAPIRANGA/adrianoamado/Local Sites/polo/app/public/wp-content/themes/polouabsapiranga/page-cursos.php on line 136
[04-Apr-2023 16:08:23 UTC] PHP Warning:  Undefined array key "course_pos_name" in /home/PMSAPIRANGA/adrianoamado/Local Sites/polo/app/public/wp-content/themes/polouabsapiranga/page-cursos.php on line 136
[04-Apr-2023 18:33:39 UTC] PHP Warning:  Undefined array key "course_pos_link" in /home/PMSAPIRANGA/adrianoamado/Local Sites/polo/app/public/wp-content/themes/polouabsapiranga/page-cursos.php on line 92
[04-Apr-2023 18:33:39 UTC] PHP Warning:  Undefined array key "course_pos_name" in /home/PMSAPIRANGA/adrianoamado/Local Sites/polo/app/public/wp-content/themes/polouabsapiranga/page-cursos.php on line 93
[04-Apr-2023 18:33:39 UTC] PHP Warning:  Undefined array key "course_pos_name" in /home/PMSAPIRANGA/adrianoamado/Local Sites/polo/app/public/wp-content/themes/polouabsapiranga/page-cursos.php on line 95
[04-Apr-2023 18:33:39 UTC] PHP Warning:  Undefined array key "course_pos_name" in /home/PMSAPIRANGA/adrianoamado/Local Sites/polo/app/public/wp-content/themes/polouabsapiranga/page-cursos.php on line 136
[04-Apr-2023 18:33:39 UTC] PHP Warning:  Undefined array key "course_pos_name" in /home/PMSAPIRANGA/adrianoamado/Local Sites/polo/app/public/wp-content/themes/polouabsapiranga/page-cursos.php on line 136
[04-Apr-2023 18:34:26 UTC] PHP Warning:  Undefined array key "course_pos_link" in /home/PMSAPIRANGA/adrianoamado/Local Sites/polo/app/public/wp-content/themes/polouabsapiranga/page-cursos.php on line 92
[04-Apr-2023 18:34:26 UTC] PHP Warning:  Undefined array key "course_pos_name" in /home/PMSAPIRANGA/adrianoamado/Local Sites/polo/app/public/wp-content/themes/polouabsapiranga/page-cursos.php on line 93
[04-Apr-2023 18:34:26 UTC] PHP Warning:  Undefined array key "course_pos_name" in /home/PMSAPIRANGA/adrianoamado/Local Sites/polo/app/public/wp-content/themes/polouabsapiranga/page-cursos.php on line 95
[04-Apr-2023 18:34:26 UTC] PHP Warning:  Undefined array key "course_pos_name" in /home/PMSAPIRANGA/adrianoamado/Local Sites/polo/app/public/wp-content/themes/polouabsapiranga/page-cursos.php on line 136
[04-Apr-2023 18:34:26 UTC] PHP Warning:  Undefined array key "course_pos_name" in /home/PMSAPIRANGA/adrianoamado/Local Sites/polo/app/public/wp-content/themes/polouabsapiranga/page-cursos.php on line 136
[04-Apr-2023 18:34:54 UTC] PHP Warning:  Undefined array key "course_pos_link" in /home/PMSAPIRANGA/adrianoamado/Local Sites/polo/app/public/wp-content/themes/polouabsapiranga/page-cursos.php on line 92
[04-Apr-2023 18:34:54 UTC] PHP Warning:  Undefined array key "course_pos_name" in /home/PMSAPIRANGA/adrianoamado/Local Sites/polo/app/public/wp-content/themes/polouabsapiranga/page-cursos.php on line 93
[04-Apr-2023 18:34:54 UTC] PHP Warning:  Undefined array key "course_pos_name" in /home/PMSAPIRANGA/adrianoamado/Local Sites/polo/app/public/wp-content/themes/polouabsapiranga/page-cursos.php on line 95
[04-Apr-2023 18:34:54 UTC] PHP Warning:  Undefined array key "course_pos_name" in /home/PMSAPIRANGA/adrianoamado/Local Sites/polo/app/public/wp-content/themes/polouabsapiranga/page-cursos.php on line 136
[04-Apr-2023 18:34:54 UTC] PHP Warning:  Undefined array key "course_pos_name" in /home/PMSAPIRANGA/adrianoamado/Local Sites/polo/app/public/wp-content/themes/polouabsapiranga/page-cursos.php on line 136
[04-Apr-2023 18:34:56 UTC] PHP Warning:  Undefined variable $reco_edu in /home/PMSAPIRANGA/adrianoamado/Local Sites/polo/app/public/wp-content/themes/polouabsapiranga/page-biblioteca.php on line 375
[04-Apr-2023 18:34:56 UTC] PHP Warning:  Trying to access array offset on value of type null in /home/PMSAPIRANGA/adrianoamado/Local Sites/polo/app/public/wp-content/themes/polouabsapiranga/page-biblioteca.php on line 375
[04-Apr-2023 18:35:08 UTC] PHP Warning:  Undefined array key "course_pos_link" in /home/PMSAPIRANGA/adrianoamado/Local Sites/polo/app/public/wp-content/themes/polouabsapiranga/page-cursos.php on line 92
[04-Apr-2023 18:35:08 UTC] PHP Warning:  Undefined array key "course_pos_name" in /home/PMSAPIRANGA/adrianoamado/Local Sites/polo/app/public/wp-content/themes/polouabsapiranga/page-cursos.php on line 93
[04-Apr-2023 18:35:08 UTC] PHP Warning:  Undefined array key "course_pos_name" in /home/PMSAPIRANGA/adrianoamado/Local Sites/polo/app/public/wp-content/themes/polouabsapiranga/page-cursos.php on line 95
[04-Apr-2023 18:35:08 UTC] PHP Warning:  Undefined array key "course_pos_name" in /home/PMSAPIRANGA/adrianoamado/Local Sites/polo/app/public/wp-content/themes/polouabsapiranga/page-cursos.php on line 136
[04-Apr-2023 18:35:08 UTC] PHP Warning:  Undefined array key "course_pos_name" in /home/PMSAPIRANGA/adrianoamado/Local Sites/polo/app/public/wp-content/themes/polouabsapiranga/page-cursos.php on line 136
[04-Apr-2023 18:39:26 UTC] PHP Warning:  Undefined variable $reco_edu in /home/PMSAPIRANGA/adrianoamado/Local Sites/polo/app/public/wp-content/themes/polouabsapiranga/page-biblioteca.php on line 375
[04-Apr-2023 18:39:26 UTC] PHP Warning:  Trying to access array offset on value of type null in /home/PMSAPIRANGA/adrianoamado/Local Sites/polo/app/public/wp-content/themes/polouabsapiranga/page-biblioteca.php on line 375
[04-Apr-2023 18:39:32 UTC] PHP Warning:  Undefined variable $reco_edu in /home/PMSAPIRANGA/adrianoamado/Local Sites/polo/app/public/wp-content/themes/polouabsapiranga/page-biblioteca.php on line 375
[04-Apr-2023 18:39:32 UTC] PHP Warning:  Trying to access array offset on value of type null in /home/PMSAPIRANGA/adrianoamado/Local Sites/polo/app/public/wp-content/themes/polouabsapiranga/page-biblioteca.php on line 375
[04-Apr-2023 18:39:35 UTC] PHP Warning:  Undefined variable $reco_edu in /home/PMSAPIRANGA/adrianoamado/Local Sites/polo/app/public/wp-content/themes/polouabsapiranga/page-biblioteca.php on line 375
[04-Apr-2023 18:39:35 UTC] PHP Warning:  Trying to access array offset on value of type null in /home/PMSAPIRANGA/adrianoamado/Local Sites/polo/app/public/wp-content/themes/polouabsapiranga/page-biblioteca.php on line 375
[04-Apr-2023 18:39:37 UTC] PHP Warning:  Undefined variable $reco_edu in /home/PMSAPIRANGA/adrianoamado/Local Sites/polo/app/public/wp-content/themes/polouabsapiranga/page-biblioteca.php on line 375
[04-Apr-2023 18:39:37 UTC] PHP Warning:  Trying to access array offset on value of type null in /home/PMSAPIRANGA/adrianoamado/Local Sites/polo/app/public/wp-content/themes/polouabsapiranga/page-biblioteca.php on line 375
[04-Apr-2023 18:39:40 UTC] PHP Warning:  Undefined array key "course_pos_link" in /home/PMSAPIRANGA/adrianoamado/Local Sites/polo/app/public/wp-content/themes/polouabsapiranga/page-cursos.php on line 92
[04-Apr-2023 18:39:40 UTC] PHP Warning:  Undefined array key "course_pos_name" in /home/PMSAPIRANGA/adrianoamado/Local Sites/polo/app/public/wp-content/themes/polouabsapiranga/page-cursos.php on line 93
[04-Apr-2023 18:39:40 UTC] PHP Warning:  Undefined array key "course_pos_name" in /home/PMSAPIRANGA/adrianoamado/Local Sites/polo/app/public/wp-content/themes/polouabsapiranga/page-cursos.php on line 95
[04-Apr-2023 18:39:40 UTC] PHP Warning:  Undefined array key "course_pos_name" in /home/PMSAPIRANGA/adrianoamado/Local Sites/polo/app/public/wp-content/themes/polouabsapiranga/page-cursos.php on line 136
[04-Apr-2023 18:39:40 UTC] PHP Warning:  Undefined array key "course_pos_name" in /home/PMSAPIRANGA/adrianoamado/Local Sites/polo/app/public/wp-content/themes/polouabsapiranga/page-cursos.php on line 136
[04-Apr-2023 18:51:52 UTC] PHP Warning:  Undefined array key "course_pos_link" in /home/PMSAPIRANGA/adrianoamado/Local Sites/polo/app/public/wp-content/themes/polouabsapiranga/page-cursos.php on line 92
[04-Apr-2023 18:51:52 UTC] PHP Warning:  Undefined array key "course_pos_name" in /home/PMSAPIRANGA/adrianoamado/Local Sites/polo/app/public/wp-content/themes/polouabsapiranga/page-cursos.php on line 93
[04-Apr-2023 18:51:52 UTC] PHP Warning:  Undefined array key "course_pos_name" in /home/PMSAPIRANGA/adrianoamado/Local Sites/polo/app/public/wp-content/themes/polouabsapiranga/page-cursos.php on line 95
[04-Apr-2023 18:51:52 UTC] PHP Warning:  Undefined array key "course_pos_name" in /home/PMSAPIRANGA/adrianoamado/Local Sites/polo/app/public/wp-content/themes/polouabsapiranga/page-cursos.php on line 136
[04-Apr-2023 18:51:52 UTC] PHP Warning:  Undefined array key "course_pos_name" in /home/PMSAPIRANGA/adrianoamado/Local Sites/polo/app/public/wp-content/themes/polouabsapiranga/page-cursos.php on line 136
[04-Apr-2023 18:55:17 UTC] PHP Warning:  Undefined variable $reco_edu in /home/PMSAPIRANGA/adrianoamado/Local Sites/polo/app/public/wp-content/themes/polouabsapiranga/page-biblioteca.php on line 375
[04-Apr-2023 18:55:17 UTC] PHP Warning:  Trying to access array offset on value of type null in /home/PMSAPIRANGA/adrianoamado/Local Sites/polo/app/public/wp-content/themes/polouabsapiranga/page-biblioteca.php on line 375
[04-Apr-2023 20:30:10 UTC] PHP Warning:  Undefined variable $reco_edu in /home/PMSAPIRANGA/adrianoamado/Local Sites/polo/app/public/wp-content/themes/polouabsapiranga/page-biblioteca.php on line 375
[04-Apr-2023 20:30:10 UTC] PHP Warning:  Trying to access array offset on value of type null in /home/PMSAPIRANGA/adrianoamado/Local Sites/polo/app/public/wp-content/themes/polouabsapiranga/page-biblioteca.php on line 375
[04-Apr-2023 20:30:10 UTC] PHP Warning:  Undefined array key "course_pos_link" in /home/PMSAPIRANGA/adrianoamado/Local Sites/polo/app/public/wp-content/themes/polouabsapiranga/page-cursos.php on line 92
[04-Apr-2023 20:30:10 UTC] PHP Warning:  Undefined array key "course_pos_name" in /home/PMSAPIRANGA/adrianoamado/Local Sites/polo/app/public/wp-content/themes/polouabsapiranga/page-cursos.php on line 93
[04-Apr-2023 20:30:10 UTC] PHP Warning:  Undefined array key "course_pos_name" in /home/PMSAPIRANGA/adrianoamado/Local Sites/polo/app/public/wp-content/themes/polouabsapiranga/page-cursos.php on line 95
[04-Apr-2023 20:30:10 UTC] PHP Warning:  Undefined array key "course_pos_name" in /home/PMSAPIRANGA/adrianoamado/Local Sites/polo/app/public/wp-content/themes/polouabsapiranga/page-cursos.php on line 136
[04-Apr-2023 20:30:10 UTC] PHP Warning:  Undefined array key "course_pos_name" in /home/PMSAPIRANGA/adrianoamado/Local Sites/polo/app/public/wp-content/themes/polouabsapiranga/page-cursos.php on line 136
[04-Apr-2023 20:52:35 UTC] PHP Warning:  Undefined variable $reco_edu in /home/PMSAPIRANGA/adrianoamado/Local Sites/polo/app/public/wp-content/themes/polouabsapiranga/page-biblioteca.php on line 375
[04-Apr-2023 20:52:35 UTC] PHP Warning:  Trying to access array offset on value of type null in /home/PMSAPIRANGA/adrianoamado/Local Sites/polo/app/public/wp-content/themes/polouabsapiranga/page-biblioteca.php on line 375
[04-Apr-2023 21:00:07 UTC] PHP Warning:  Undefined array key "course_pos_link" in /home/PMSAPIRANGA/adrianoamado/Local Sites/polo/app/public/wp-content/themes/polouabsapiranga/page-cursos.php on line 92
[04-Apr-2023 21:00:07 UTC] PHP Warning:  Undefined array key "course_pos_name" in /home/PMSAPIRANGA/adrianoamado/Local Sites/polo/app/public/wp-content/themes/polouabsapiranga/page-cursos.php on line 93
[04-Apr-2023 21:00:07 UTC] PHP Warning:  Undefined array key "course_pos_name" in /home/PMSAPIRANGA/adrianoamado/Local Sites/polo/app/public/wp-content/themes/polouabsapiranga/page-cursos.php on line 95
[04-Apr-2023 21:00:07 UTC] PHP Warning:  Undefined array key "course_pos_name" in /home/PMSAPIRANGA/adrianoamado/Local Sites/polo/app/public/wp-content/themes/polouabsapiranga/page-cursos.php on line 136
[04-Apr-2023 21:00:07 UTC] PHP Warning:  Undefined array key "course_pos_name" in /home/PMSAPIRANGA/adrianoamado/Local Sites/polo/app/public/wp-content/themes/polouabsapiranga/page-cursos.php on line 136
[04-Apr-2023 21:10:52 UTC] PHP Warning:  Undefined array key "course_pos_link" in /home/PMSAPIRANGA/adrianoamado/Local Sites/polo/app/public/wp-content/themes/polouabsapiranga/page-cursos.php on line 92
[04-Apr-2023 21:10:52 UTC] PHP Warning:  Undefined array key "course_pos_name" in /home/PMSAPIRANGA/adrianoamado/Local Sites/polo/app/public/wp-content/themes/polouabsapiranga/page-cursos.php on line 93
[04-Apr-2023 21:10:52 UTC] PHP Warning:  Undefined array key "course_pos_name" in /home/PMSAPIRANGA/adrianoamado/Local Sites/polo/app/public/wp-content/themes/polouabsapiranga/page-cursos.php on line 95
[04-Apr-2023 21:10:52 UTC] PHP Warning:  Undefined array key "course_pos_name" in /home/PMSAPIRANGA/adrianoamado/Local Sites/polo/app/public/wp-content/themes/polouabsapiranga/page-cursos.php on line 136
[04-Apr-2023 21:10:52 UTC] PHP Warning:  Undefined array key "course_pos_name" in /home/PMSAPIRANGA/adrianoamado/Local Sites/polo/app/public/wp-content/themes/polouabsapiranga/page-cursos.php on line 136
